auser‣Digit: 100.00
Digit.cpp
Dịch thành công

auser‣Digit‣Test01: 5.00
Thời gian ≈ 0.075867000 giây
Kết quả khớp đáp án!
auser‣Digit‣Test02: 5.00
Thời gian ≈ 0.074833500 giây
Kết quả khớp đáp án!
auser‣Digit‣Test03: 5.00
Thời gian ≈ 0.084835000 giây
Kết quả khớp đáp án!
auser‣Digit‣Test04: 5.00
Thời gian ≈ 0.073996500 giây
Kết quả khớp đáp án!
auser‣Digit‣Test05: 5.00
Thời gian ≈ 0.074542700 giây
Kết quả khớp đáp án!
auser‣Digit‣Test06: 5.00
Thời gian ≈ 0.076755200 giây
Kết quả khớp đáp án!
auser‣Digit‣Test07: 5.00
Thời gian ≈ 0.073164400 giây
Kết quả khớp đáp án!
auser‣Digit‣Test08: 5.00
Thời gian ≈ 0.072507400 giây
Kết quả khớp đáp án!
auser‣Digit‣Test09: 5.00
Thời gian ≈ 0.245843900 giây
Kết quả khớp đáp án!
auser‣Digit‣Test10: 5.00
Thời gian ≈ 0.254348500 giây
Kết quả khớp đáp án!
auser‣Digit‣Test11: 5.00
Thời gian ≈ 0.246416900 giây
Kết quả khớp đáp án!
auser‣Digit‣Test12: 5.00
Thời gian ≈ 0.257856200 giây
Kết quả khớp đáp án!
auser‣Digit‣Test13: 5.00
Thời gian ≈ 0.256207300 giây
Kết quả khớp đáp án!
auser‣Digit‣Test14: 5.00
Thời gian ≈ 0.250411200 giây
Kết quả khớp đáp án!
auser‣Digit‣Test15: 5.00
Thời gian ≈ 0.252753800 giây
Kết quả khớp đáp án!
auser‣Digit‣Test16: 5.00
Thời gian ≈ 0.249806000 giây
Kết quả khớp đáp án!
auser‣Digit‣Test17: 5.00
Thời gian ≈ 0.251812500 giây
Kết quả khớp đáp án!
auser‣Digit‣Test18: 5.00
Thời gian ≈ 0.249613300 giây
Kết quả khớp đáp án!
auser‣Digit‣Test19: 5.00
Thời gian ≈ 0.243310500 giây
Kết quả khớp đáp án!
auser‣Digit‣Test20: 5.00
Thời gian ≈ 0.258499600 giây
Kết quả khớp đáp án!
